<?xml version="1.0" encoding="UTF-8"?>
<coverage generated="1554426964781" clover="3.2.0">
  <project timestamp="1554426964781" name="All files">
    <metrics statements="15" coveredstatements="15" conditionals="8" coveredconditionals="6" methods="6" coveredmethods="5" elements="29" coveredelements="26" complexity="0" loc="15" ncloc="15" packages="4" files="4" classes="4">
      <package name="filter">
        <metrics statements="6" coveredstatements="6" conditionals="2" coveredconditionals="2" methods="1" coveredmethods="1"/>
        <file name="filter.js" path="/home/rafael/projetos/jest-in-practice/src/filter/filter.js">
          <metrics statements="6" coveredstatements="6" conditionals="2" coveredconditionals="2" methods="1" coveredmethods="1"/>
          <line num="1" count="1" type="stmt"/>
          <line num="2" count="5" type="stmt"/>
          <line num="3" count="5" type="stmt"/>
          <line num="4" count="19" type="cond" truecount="2" falsecount="0"/>
          <line num="5" count="13" type="stmt"/>
          <line num="9" count="5" type="stmt"/>
        </file>
      </package>
      <package name="map">
        <metrics statements="5" coveredstatements="5" conditionals="4" coveredconditionals="2" methods="3" coveredmethods="2"/>
        <file name="map-recursive.js" path="/home/rafael/projetos/jest-in-practice/src/map/map-recursive.js">
          <metrics statements="5" coveredstatements="5" conditionals="4" coveredconditionals="2" methods="3" coveredmethods="2"/>
          <line num="1" count="1" type="stmt"/>
          <line num="4" count="1" type="cond" truecount="0" falsecount="2"/>
          <line num="5" count="7" type="stmt"/>
          <line num="6" count="19" type="stmt"/>
          <line num="7" count="19" type="cond" truecount="2" falsecount="0"/>
        </file>
      </package>
      <package name="recursion">
        <metrics statements="3" coveredstatements="3" conditionals="2" coveredconditionals="2" methods="1" coveredmethods="1"/>
        <file name="recursion.js" path="/home/rafael/projetos/jest-in-practice/src/recursion/recursion.js">
          <metrics statements="3" coveredstatements="3" conditionals="2" coveredconditionals="2" methods="1" coveredmethods="1"/>
          <line num="1" count="1" type="stmt"/>
          <line num="2" count="4" type="cond" truecount="2" falsecount="0"/>
          <line num="3" count="3" type="stmt"/>
        </file>
      </package>
      <package name="sum">
        <metrics statements="1" coveredstatements="1" conditionals="0" coveredconditionals="0" methods="1" coveredmethods="1"/>
        <file name="sum.js" path="/home/rafael/projetos/jest-in-practice/src/sum/sum.js">
          <metrics statements="1" coveredstatements="1" conditionals="0" coveredconditionals="0" methods="1" coveredmethods="1"/>
          <line num="2" count="1" type="stmt"/>
        </file>
      </package>
    </metrics>
  </project>
</coverage>
