<?xml version="1.0" encoding="UTF-8"?>
<coverage generated="1554650146131" clover="3.2.0">
  <project timestamp="1554650146131" name="All files">
    <metrics statements="9" coveredstatements="9" conditionals="4" coveredconditionals="4" methods="2" coveredmethods="2" elements="15" coveredelements="15" complexity="0" loc="9" ncloc="9" packages="2" files="2" classes="2">
      <package name="every">
        <metrics statements="3" coveredstatements="3" conditionals="2" coveredconditionals="2" methods="1" coveredmethods="1"/>
        <file name="every.js" path="/home/rafael/projetos/jest-in-practice/src/every/every.js">
          <metrics statements="3" coveredstatements="3" conditionals="2" coveredconditionals="2" methods="1" coveredmethods="1"/>
          <line num="2" count="4" type="stmt"/>
          <line num="3" count="5" type="cond" truecount="2" falsecount="0"/>
          <line num="6" count="2" type="stmt"/>
        </file>
      </package>
      <package name="filter">
        <metrics statements="6" coveredstatements="6" conditionals="2" coveredconditionals="2" methods="1" coveredmethods="1"/>
        <file name="filter.js" path="/home/rafael/projetos/jest-in-practice/src/filter/filter.js">
          <metrics statements="6" coveredstatements="6" conditionals="2" coveredconditionals="2" methods="1" coveredmethods="1"/>
          <line num="3" count="1" type="stmt"/>
          <line num="4" count="5" type="stmt"/>
          <line num="5" count="5" type="stmt"/>
          <line num="6" count="19" type="cond" truecount="2" falsecount="0"/>
          <line num="7" count="13" type="stmt"/>
          <line num="11" count="5" type="stmt"/>
        </file>
      </package>
    </metrics>
  </project>
</coverage>
