{"/home/rafael/projetos/jest-in-practice/src/filter/filter.js": {"path":"/home/rafael/projetos/jest-in-practice/src/filter/filter.js","statementMap":{"0":{"start":{"line":1,"column":17},"end":{"line":10,"column":1}},"1":{"start":{"line":2,"column":15},"end":{"line":2,"column":17}},"2":{"start":{"line":3,"column":2},"end":{"line":7,"column":3}},"3":{"start":{"line":4,"column":4},"end":{"line":6,"column":5}},"4":{"start":{"line":5,"column":6},"end":{"line":5,"column":26}},"5":{"start":{"line":9,"column":2},"end":{"line":9,"column":16}}},"fnMap":{"0":{"name":"(anonymous_0)","decl":{"start":{"line":1,"column":17},"end":{"line":1,"column":18}},"loc":{"start":{"line":1,"column":30},"end":{"line":10,"column":1}},"line":1}},"branchMap":{"0":{"loc":{"start":{"line":4,"column":4},"end":{"line":6,"column":5}},"type":"if","locations":[{"start":{"line":4,"column":4},"end":{"line":6,"column":5}},{"start":{"line":4,"column":4},"end":{"line":6,"column":5}}],"line":4}},"s":{"0":1,"1":5,"2":5,"3":19,"4":13,"5":5},"f":{"0":5},"b":{"0":[13,6]},"_coverageSchema":"332fd63041d2c1bcb487cc26dd0d5f7d97098a6c","hash":"00fe527c5c3f05a2c8807331970d1bb7276fe770"}
,"/home/rafael/projetos/jest-in-practice/src/map/map-recursive.js": {"path":"/home/rafael/projetos/jest-in-practice/src/map/map-recursive.js","statementMap":{"0":{"start":{"line":1,"column":19},"end":{"line":1,"column":28}},"1":{"start":{"line":4,"column":12},"end":{"line":11,"column":1}},"2":{"start":{"line":4,"column":38},"end":{"line":4,"column":42}},"3":{"start":{"line":5,"column":2},"end":{"line":10,"column":13}},"4":{"start":{"line":6,"column":28},"end":{"line":6,"column":41}},"5":{"start":{"line":7,"column":4},"end":{"line":9,"column":70}}},"fnMap":{"0":{"name":"(anonymous_0)","decl":{"start":{"line":4,"column":12},"end":{"line":4,"column":13}},"loc":{"start":{"line":4,"column":47},"end":{"line":11,"column":1}},"line":4},"1":{"name":"(anonymous_1)","decl":{"start":{"line":4,"column":30},"end":{"line":4,"column":31}},"loc":{"start":{"line":4,"column":38},"end":{"line":4,"column":42}},"line":4},"2":{"name":"mapInternal","decl":{"start":{"line":5,"column":19},"end":{"line":5,"column":30}},"loc":{"start":{"line":5,"column":55},"end":{"line":10,"column":3}},"line":5}},"branchMap":{"0":{"loc":{"start":{"line":4,"column":13},"end":{"line":4,"column":21}},"type":"default-arg","locations":[{"start":{"line":4,"column":19},"end":{"line":4,"column":21}}],"line":4},"1":{"loc":{"start":{"line":4,"column":23},"end":{"line":4,"column":42}},"type":"default-arg","locations":[{"start":{"line":4,"column":30},"end":{"line":4,"column":42}}],"line":4},"2":{"loc":{"start":{"line":7,"column":11},"end":{"line":9,"column":69}},"type":"cond-expr","locations":[{"start":{"line":8,"column":8},"end":{"line":8,"column":10}},{"start":{"line":9,"column":8},"end":{"line":9,"column":69}}],"line":7}},"s":{"0":1,"1":1,"2":0,"3":7,"4":19,"5":19},"f":{"0":7,"1":0,"2":19},"b":{"0":[0],"1":[0],"2":[7,12]},"_coverageSchema":"332fd63041d2c1bcb487cc26dd0d5f7d97098a6c","hash":"f35c2fbcecba80c838478e53461d0a40b54f7a96"}
,"/home/rafael/projetos/jest-in-practice/src/recursion/recursion.js": {"path":"/home/rafael/projetos/jest-in-practice/src/recursion/recursion.js","statementMap":{"0":{"start":{"line":1,"column":12},"end":{"line":4,"column":1}},"1":{"start":{"line":2,"column":2},"end":{"line":2,"column":32}},"2":{"start":{"line":2,"column":24},"end":{"line":2,"column":32}},"3":{"start":{"line":3,"column":2},"end":{"line":3,"column":35}}},"fnMap":{"0":{"name":"(anonymous_0)","decl":{"start":{"line":1,"column":12},"end":{"line":1,"column":13}},"loc":{"start":{"line":1,"column":19},"end":{"line":4,"column":1}},"line":1}},"branchMap":{"0":{"loc":{"start":{"line":2,"column":2},"end":{"line":2,"column":32}},"type":"if","locations":[{"start":{"line":2,"column":2},"end":{"line":2,"column":32}},{"start":{"line":2,"column":2},"end":{"line":2,"column":32}}],"line":2}},"s":{"0":1,"1":4,"2":1,"3":3},"f":{"0":4},"b":{"0":[1,3]},"_coverageSchema":"332fd63041d2c1bcb487cc26dd0d5f7d97098a6c","hash":"02bf494a5a2ab3346126deed6d47c558c8dc107c"}
,"/home/rafael/projetos/jest-in-practice/src/sum/sum.js": {"path":"/home/rafael/projetos/jest-in-practice/src/sum/sum.js","statementMap":{"0":{"start":{"line":2,"column":2},"end":{"line":2,"column":15}}},"fnMap":{"0":{"name":"sum","decl":{"start":{"line":1,"column":9},"end":{"line":1,"column":12}},"loc":{"start":{"line":1,"column":19},"end":{"line":3,"column":1}},"line":1}},"branchMap":{},"s":{"0":1},"f":{"0":1},"b":{},"_coverageSchema":"332fd63041d2c1bcb487cc26dd0d5f7d97098a6c","hash":"882a1f44dd7dfe6d8def544074baa29a5bfa5d47"}
}
