TN:
SF:/home/rafael/projetos/jest-in-practice/src/filter/filter.js
FN:1,(anonymous_0)
FNF:1
FNH:1
FNDA:5,(anonymous_0)
DA:1,1
DA:2,5
DA:3,5
DA:4,19
DA:5,13
DA:9,5
LF:6
LH:6
BRDA:4,0,0,13
BRDA:4,0,1,6
BRF:2
BRH:2
end_of_record
TN:
SF:/home/rafael/projetos/jest-in-practice/src/map/map-recursive.js
FN:4,(anonymous_0)
FN:4,(anonymous_1)
FN:5,mapInternal
FNF:3
FNH:2
FNDA:7,(anonymous_0)
FNDA:0,(anonymous_1)
FNDA:19,mapInternal
DA:1,1
DA:4,1
DA:5,7
DA:6,19
DA:7,19
LF:5
LH:5
BRDA:4,0,0,0
BRDA:4,1,0,0
BRDA:7,2,0,7
BRDA:7,2,1,12
BRF:4
BRH:2
end_of_record
TN:
SF:/home/rafael/projetos/jest-in-practice/src/recursion/recursion.js
FN:1,(anonymous_0)
FNF:1
FNH:1
FNDA:4,(anonymous_0)
DA:1,1
DA:2,4
DA:3,3
LF:3
LH:3
BRDA:2,0,0,1
BRDA:2,0,1,3
BRF:2
BRH:2
end_of_record
TN:
SF:/home/rafael/projetos/jest-in-practice/src/sum/sum.js
FN:1,sum
FNF:1
FNH:1
FNDA:1,sum
DA:2,1
LF:1
LH:1
BRF:0
BRH:0
end_of_record
